12:03:25 **** Build of configuration Debug for project hello ****
make all 
Building file: ../src/hello.c
Invoking: GCC C Compiler
gcc -O0 -g3 -Wall -c -fmessage-length=0 -MMD -MP -MF"src/hello.d" -MT"src/hello.o" -o "src/hello.o" "../src/hello.c"
Finished building: ../src/hello.c
 
Building target: hello
Invoking: GCC C Linker
gcc  -o "hello"  ./src/hello.o   
Finished building target: hello
 
12:03:30 **** Incremental Build of configuration Debug for project hello ****
make all 
make: Nothing to be done for 'all'.
12:03:47 **** Incremental Build of configuration Debug for project hello ****
make all 
make: Nothing to be done for 'all'.
12:54:53 **** Build of configuration Debug for project func1 ****
make all 
Building file: ../src/func1.c
Invoking: GCC C Compiler
gcc -O0 -g3 -Wall -c -fmessage-length=0 -MMD -MP -MF"src/func1.d" -MT"src/func1.o" -o "src/func1.o" "../src/func1.c"
Finished building: ../src/func1.c
 
Building target: func1
Invoking: GCC C Linker
gcc  -o "func1"  ./src/func1.o   
Finished building target: func1
 
12:54:53 **** Incremental Build of configuration Debug for project hello ****
make all 
make: Nothing to be done for 'all'.
12:55:08 **** Incremental Build of configuration Debug for project func1 ****
make all 
make: Nothing to be done for 'all'.
12:55:14 **** Incremental Build of configuration Debug for project func1 ****
make all 
make: Nothing to be done for 'all'.
12:55:34 **** Incremental Build of configuration Debug for project func1 ****
make all 
Building file: ../src/func1.c
Invoking: GCC C Compiler
gcc -O0 -g3 -Wall -c -fmessage-length=0 -MMD -MP -MF"src/func1.d" -MT"src/func1.o" -o "src/func1.o" "../src/func1.c"
../src/func1.c: In function ‘main’:
../src/func1.c:8:8: warning: implicit declaration of function ‘sum’ [-Wimplicit-function-declaration]
  res = sum(x, y); // x, y --> actual args
        ^
Finished building: ../src/func1.c
 
Building target: func1
Invoking: GCC C Linker
gcc  -o "func1"  ./src/func1.o   
Finished building target: func1
 
12:55:34 **** Incremental Build of configuration Debug for project hello ****
make all 
make: Nothing to be done for 'all'.
12:55:36 **** Incremental Build of configuration Debug for project func1 ****
make all 
make: Nothing to be done for 'all'.
12:56:00 **** Incremental Build of configuration Debug for project func1 ****
make all 
Building file: ../src/func1.c
Invoking: GCC C Compiler
gcc -O0 -g3 -Wall -c -fmessage-length=0 -MMD -MP -MF"src/func1.d" -MT"src/func1.o" -o "src/func1.o" "../src/func1.c"
Finished building: ../src/func1.c
 
Building target: func1
Invoking: GCC C Linker
gcc  -o "func1"  ./src/func1.o   
Finished building target: func1
 
12:56:00 **** Incremental Build of configuration Debug for project hello ****
make all 
make: Nothing to be done for 'all'.
12:57:49 **** Incremental Build of configuration Debug for project func1 ****
make all 
Building file: ../src/func1.c
Invoking: GCC C Compiler
gcc -O0 -g3 -Wall -c -fmessage-length=0 -MMD -MP -MF"src/func1.d" -MT"src/func1.o" -o "src/func1.o" "../src/func1.c"
../src/func1.c: In function ‘main’:
../src/func1.c:8:8: warning: implicit declaration of function ‘sum’ [-Wimplicit-function-declaration]
  res = sum(x, y); // x, y --> actual args
        ^
Finished building: ../src/func1.c
 
Building target: func1
Invoking: GCC C Linker
gcc  -o "func1"  ./src/func1.o   
Finished building target: func1
 
12:57:49 **** Incremental Build of configuration Debug for project hello ****
make all 
make: Nothing to be done for 'all'.
12:57:50 **** Incremental Build of configuration Debug for project func1 ****
make all 
make: Nothing to be done for 'all'.
12:58:03 **** Incremental Build of configuration Debug for project func1 ****
make all 
Building file: ../src/func1.c
Invoking: GCC C Compiler
gcc -O0 -g3 -Wall -c -fmessage-length=0 -MMD -MP -MF"src/func1.d" -MT"src/func1.o" -o "src/func1.o" "../src/func1.c"
../src/func1.c: In function ‘main’:
../src/func1.c:8:8: warning: implicit declaration of function ‘sum’ [-Wimplicit-function-declaration]
  res = sum(x, y, 30, 40); // x, y --> actual args
        ^
Finished building: ../src/func1.c
 
Building target: func1
Invoking: GCC C Linker
gcc  -o "func1"  ./src/func1.o   
Finished building target: func1
 
12:58:03 **** Incremental Build of configuration Debug for project hello ****
make all 
make: Nothing to be done for 'all'.
12:58:30 **** Incremental Build of configuration Debug for project func1 ****
make all 
Building file: ../src/func1.c
Invoking: GCC C Compiler
gcc -O0 -g3 -Wall -c -fmessage-length=0 -MMD -MP -MF"src/func1.d" -MT"src/func1.o" -o "src/func1.o" "../src/func1.c"
../src/func1.c: In function ‘main’:
../src/func1.c:8:8: warning: implicit declaration of function ‘sum’ [-Wimplicit-function-declaration]
  res = sum(x); // x, y --> actual args
        ^
../src/func1.c:7:17: warning: unused variable ‘y’ [-Wunused-variable]
  int res, x=10, y=20;
                 ^
Finished building: ../src/func1.c
 
Building target: func1
Invoking: GCC C Linker
gcc  -o "func1"  ./src/func1.o   
Finished building target: func1
 
12:58:30 **** Incremental Build of configuration Debug for project hello ****
make all 
make: Nothing to be done for 'all'.
12:58:39 **** Incremental Build of configuration Debug for project func1 ****
make all 
make: Nothing to be done for 'all'.
12:58:56 **** Incremental Build of configuration Debug for project func1 ****
make all 
Building file: ../src/func1.c
Invoking: GCC C Compiler
gcc -O0 -g3 -Wall -c -fmessage-length=0 -MMD -MP -MF"src/func1.d" -MT"src/func1.o" -o "src/func1.o" "../src/func1.c"
../src/func1.c: In function ‘main’:
../src/func1.c:8:8: error: too few arguments to function ‘sum’
  res = sum(x); // x, y --> actual args
        ^
../src/func1.c:3:5: note: declared here
 int sum(int a, int b);
src/subdir.mk:18: recipe for target 'src/func1.o' failed
     ^
../src/func1.c:7:17: warning: unused variable ‘y’ [-Wunused-variable]
  int res, x=10, y=20;
                 ^
make: *** [src/func1.o] Error 1
12:58:56 **** Incremental Build of configuration Debug for project hello ****
make all 
make: Nothing to be done for 'all'.
12:59:41 **** Incremental Build of configuration Debug for project func1 ****
make all 
Building file: ../src/func1.c
Invoking: GCC C Compiler
gcc -O0 -g3 -Wall -c -fmessage-length=0 -MMD -MP -MF"src/func1.d" -MT"src/func1.o" -o "src/func1.o" "../src/func1.c"
Finished building: ../src/func1.c
 
Building target: func1
Invoking: GCC C Linker
gcc  -o "func1"  ./src/func1.o   
Finished building target: func1
 
12:59:41 **** Incremental Build of configuration Debug for project hello ****
make all 
make: Nothing to be done for 'all'.
13:05:31 **** Incremental Build of configuration Debug for project func1 ****
make all 
Building file: ../src/func1.c
Invoking: GCC C Compiler
gcc -O0 -g3 -Wall -c -fmessage-length=0 -MMD -MP -MF"src/func1.d" -MT"src/func1.o" -o "src/func1.o" "../src/func1.c"
Finished building: ../src/func1.c
 
Building target: func1
Invoking: GCC C Linker
gcc  -o "func1"  ./src/func1.o   
Finished building target: func1
 
13:24:05 **** Incremental Build of configuration Debug for project func1 ****
make all 
make: Nothing to be done for 'all'.
15:25:39 **** Incremental Build of configuration Debug for project func1 ****
make all 
make: Nothing to be done for 'all'.
15:25:40 **** Build of configuration Debug for project func2 ****
make all 
Building file: ../src/func2.c
Invoking: GCC C Compiler
gcc -O0 -g3 -Wall -c -fmessage-length=0 -MMD -MP -MF"src/func2.d" -MT"src/func2.o" -o "src/func2.o" "../src/func2.c"
Finished building: ../src/func2.c
 
Building target: func2
Invoking: GCC C Linker
gcc  -o "func2"  ./src/func2.o   
Finished building target: func2
 
15:25:41 **** Incremental Build of configuration Debug for project hello ****
make all 
make: Nothing to be done for 'all'.
15:25:46 **** Incremental Build of configuration Debug for project func2 ****
make all 
make: Nothing to be done for 'all'.
15:51:51 **** Incremental Build of configuration Debug for project func1 ****
make all 
make: Nothing to be done for 'all'.
15:51:51 **** Incremental Build of configuration Debug for project func2 ****
make all 
make: Nothing to be done for 'all'.
15:51:51 **** Incremental Build of configuration Debug for project hello ****
make all 
make: Nothing to be done for 'all'.
15:51:51 **** Build of configuration Debug for project ptr1 ****
make all 
Building file: ../src/ptr1.c
Invoking: GCC C Compiler
gcc -O0 -g3 -Wall -c -fmessage-length=0 -MMD -MP -MF"src/ptr1.d" -MT"src/ptr1.o" -o "src/ptr1.o" "../src/ptr1.c"
../src/ptr1.c: In function ‘main’:
../src/ptr1.c:10:9: warning: format ‘%u’ expects argument of type ‘unsigned int’, but argument 2 has type ‘int ***’ [-Wformat=]
  printf("&pp = %u\n", &pp);
         ^
Finished building: ../src/ptr1.c
 
Building target: ptr1
Invoking: GCC C Linker
gcc  -o "ptr1"  ./src/ptr1.o   
Finished building target: ptr1
 
15:51:58 **** Incremental Build of configuration Debug for project func1 ****
make all 
make: Nothing to be done for 'all'.
15:51:58 **** Incremental Build of configuration Debug for project func2 ****
make all 
make: Nothing to be done for 'all'.
15:51:58 **** Incremental Build of configuration Debug for project hello ****
make all 
make: Nothing to be done for 'all'.
15:51:58 **** Incremental Build of configuration Debug for project ptr1 ****
make all 
Building file: ../src/ptr1.c
Invoking: GCC C Compiler
gcc -O0 -g3 -Wall -c -fmessage-length=0 -MMD -MP -MF"src/ptr1.d" -MT"src/ptr1.o" -o "src/ptr1.o" "../src/ptr1.c"
../src/ptr1.c: In function ‘main’:
../src/ptr1.c:10:9: warning: format ‘%lu’ expects argument of type ‘long unsigned int’, but argument 2 has type ‘int ***’ [-Wformat=]
  printf("&pp = %lu\n", &pp);
         ^
Finished building: ../src/ptr1.c
 
Building target: ptr1
Invoking: GCC C Linker
gcc  -o "ptr1"  ./src/ptr1.o   
Finished building target: ptr1
 
15:53:12 **** Incremental Build of configuration Debug for project func1 ****
make all 
make: Nothing to be done for 'all'.
15:53:12 **** Incremental Build of configuration Debug for project func2 ****
make all 
make: Nothing to be done for 'all'.
15:53:12 **** Incremental Build of configuration Debug for project hello ****
make all 
make: Nothing to be done for 'all'.
15:53:12 **** Incremental Build of configuration Debug for project ptr1 ****
make all 
../src/ptr1.c: In function ‘main’:
../src/ptr1.c:10:9: warning: format ‘%u’ expects argument of type ‘unsigned int’, but argument 2 has type ‘int ***’ [-Wformat=]
  printf("&pp = %u\n", &pp); // 300
         ^
../src/ptr1.c:11:9: warning: format ‘%u’ expects argument of type ‘unsigned int’, but argument 2 has type ‘int **’ [-Wformat=]
  printf("pp = %u\n", pp); // 200
         ^
../src/ptr1.c:12:9: warning: format ‘%u’ expects argument of type ‘unsigned int’, but argument 2 has type ‘int *’ [-Wformat=]
  printf("*pp = %u\n", *pp); // 100
         ^
Building file: ../src/ptr1.c
Invoking: GCC C Compiler
gcc -O0 -g3 -Wall -c -fmessage-length=0 -MMD -MP -MF"src/ptr1.d" -MT"src/ptr1.o" -o "src/ptr1.o" "../src/ptr1.c"
Finished building: ../src/ptr1.c
 
Building target: ptr1
Invoking: GCC C Linker
gcc  -o "ptr1"  ./src/ptr1.o   
Finished building target: ptr1
 
15:53:19 **** Incremental Build of configuration Debug for project ptr1 ****
make all 
Building file: ../src/ptr1.c
Invoking: GCC C Compiler
gcc -O0 -g3 -Wall -c -fmessage-length=0 -MMD -MP -MF"src/ptr1.d" -MT"src/ptr1.o" -o "src/ptr1.o" "../src/ptr1.c"
../src/ptr1.c: In function ‘main’:
../src/ptr1.c:10:9: warning: format ‘%u’ expects argument of type ‘unsigned int’, but argument 2 has type ‘int ***’ [-Wformat=]
  printf("&pp = %u\n", &pp); // 300
         ^
../src/ptr1.c:11:9: warning: format ‘%u’ expects argument of type ‘unsigned int’, but argument 2 has type ‘int **’ [-Wformat=]
  printf("pp = %u\n", pp); // 200
         ^
../src/ptr1.c:12:9: warning: format ‘%u’ expects argument of type ‘unsigned int’, but argument 2 has type ‘int *’ [-Wformat=]
  printf("*pp = %u\n", *pp); // 100
         ^
Finished building: ../src/ptr1.c
 
Building target: ptr1
Invoking: GCC C Linker
gcc  -o "ptr1"  ./src/ptr1.o   
Finished building target: ptr1
 
15:54:10 **** Incremental Build of configuration Debug for project func1 ****
make all 
make: Nothing to be done for 'all'.
15:54:10 **** Incremental Build of configuration Debug for project func2 ****
make all 
make: Nothing to be done for 'all'.
15:54:10 **** Incremental Build of configuration Debug for project hello ****
make all 
make: Nothing to be done for 'all'.
15:54:10 **** Incremental Build of configuration Debug for project ptr1 ****
make all 
Building file: ../src/ptr1.c
Invoking: GCC C Compiler
gcc -O0 -g3 -Wall -c -fmessage-length=0 -MMD -MP -MF"src/ptr1.d" -MT"src/ptr1.o" -o "src/ptr1.o" "../src/ptr1.c"
../src/ptr1.c: In function ‘main’:
../src/ptr1.c:10:9: warning: format ‘%u’ expects argument of type ‘unsigned int’, but argument 2 has type ‘int ***’ [-Wformat=]
  printf("&pp = %u\n", &pp); // 300
         ^
src/subdir.mk:18: recipe for target 'src/ptr1.o' failed
../src/ptr1.c:11:9: warning: format ‘%u’ expects argument of type ‘unsigned int’, but argument 2 has type ‘int **’ [-Wformat=]
  printf("pp = %u\n", pp); // 200
         ^
../src/ptr1.c:12:9: warning: format ‘%u’ expects argument of type ‘unsigned int’, but argument 2 has type ‘int *’ [-Wformat=]
  printf("*pp = %u\n", *pp); // 100
         ^
../src/ptr1.c:14:25: error: invalid type argument of unary ‘*’ (have ‘int’)
  printf("***pp = %u\n", ***pp); // error
                         ^
make: *** [src/ptr1.o] Error 1
15:55:05 **** Incremental Build of configuration Debug for project func1 ****
make all 
make: Nothing to be done for 'all'.
15:55:05 **** Incremental Build of configuration Debug for project func2 ****
make all 
make: Nothing to be done for 'all'.
15:55:05 **** Incremental Build of configuration Debug for project hello ****
make all 
make: Nothing to be done for 'all'.
15:55:05 **** Incremental Build of configuration Debug for project ptr1 ****
make all 
Building file: ../src/ptr1.c
Invoking: GCC C Compiler
gcc -O0 -g3 -Wall -c -fmessage-length=0 -MMD -MP -MF"src/ptr1.d" -MT"src/ptr1.o" -o "src/ptr1.o" "../src/ptr1.c"
../src/ptr1.c: In function ‘main’:
../src/ptr1.c:10:9: warning: format ‘%u’ expects argument of type ‘unsigned int’, but argument 2 has type ‘int **’ [-Wformat=]
  printf("&p = %u\n", &p); // 200
         ^
../src/ptr1.c:11:9: warning: format ‘%u’ expects argument of type ‘unsigned int’, but argument 2 has type ‘int *’ [-Wformat=]
  printf("p = %u\n", p); // 100
         ^
../src/ptr1.c:13:9: warning: format ‘%u’ expects argument of type ‘unsigned int’, but argument 2 has type ‘int ***’ [-Wformat=]
  printf("&pp = %u\n", &pp); // 300
         ^
../src/ptr1.c:14:9: warning: format ‘%u’ expects argument of type ‘unsigned int’, but argument 2 has type ‘int **’ [-Wformat=]
  printf("pp = %u\n", pp); // 200
         ^
../src/ptr1.c:15:9: warning: format ‘%u’ expects argument of type ‘unsigned int’, but argument 2 has type ‘int *’ [-Wformat=]
  printf("*pp = %u\n", *pp); // 100
         ^
Finished building: ../src/ptr1.c
 
Building target: ptr1
Invoking: GCC C Linker
gcc  -o "ptr1"  ./src/ptr1.o   
Finished building target: ptr1
 
15:55:07 **** Incremental Build of configuration Debug for project ptr1 ****
make all 
make: Nothing to be done for 'all'.
15:58:41 **** Incremental Build of configuration Debug for project func1 ****
make all 
make: Nothing to be done for 'all'.
15:58:42 **** Incremental Build of configuration Debug for project func2 ****
make all 
make: Nothing to be done for 'all'.
15:58:42 **** Incremental Build of configuration Debug for project hello ****
make all 
make: Nothing to be done for 'all'.
15:58:42 **** Incremental Build of configuration Debug for project ptr1 ****
make all 
Building file: ../src/ptr1.c
Invoking: GCC C Compiler
gcc -O0 -g3 -Wall -c -fmessage-length=0 -MMD -MP -MF"src/ptr1.d" -MT"src/ptr1.o" -o "src/ptr1.o" "../src/ptr1.c"
../src/ptr1.c: In function ‘main’:
../src/ptr1.c:12:9: warning: format ‘%u’ expects argument of type ‘unsigned int’, but argument 2 has type ‘long unsigned int’ [-Wformat=]
  printf("sizeof(a) = %u\n", sizeof(a));
         ^
../src/ptr1.c:13:9: warning: format ‘%u’ expects argument of type ‘unsigned int’, but argument 2 has type ‘long unsigned int’ [-Wformat=]
  printf("sizeof(p) = %u\n", sizeof(p));
         ^
../src/ptr1.c:14:9: warning: format ‘%u’ expects argument of type ‘unsigned int’, but argument 2 has type ‘long unsigned int’ [-Wformat=]
  printf("sizeof(pp) = %u\n", sizeof(pp));
         ^
../src/ptr1.c:15:9: warning: format ‘%u’ expects argument of type ‘unsigned int’, but argument 2 has type ‘long unsigned int’ [-Wformat=]
  printf("sizeof(c) = %u\n", sizeof(c));
         ^
../src/ptr1.c:16:9: warning: format ‘%u’ expects argument of type ‘unsigned int’, but argument 2 has type ‘long unsigned int’ [-Wformat=]
  printf("sizeof(cp) = %u\n", sizeof(cp));
         ^
../src/ptr1.c:18:9: warning: format ‘%u’ expects argument of type ‘unsigned int’, but argument 2 has type ‘int **’ [-Wformat=]
  printf("&p = %u\n", &p); // 200
         ^
../src/ptr1.c:19:9: warning: format ‘%u’ expects argument of type ‘unsigned int’, but argument 2 has type ‘int *’ [-Wformat=]
  printf("p = %u\n", p); // 100
         ^
../src/ptr1.c:21:9: warning: format ‘%u’ expects argument of type ‘unsigned int’, but argument 2 has type ‘int ***’ [-Wformat=]
  printf("&pp = %u\n", &pp); // 300
         ^
../src/ptr1.c:22:9: warning: format ‘%u’ expects argument of type ‘unsigned int’, but argument 2 has type ‘int **’ [-Wformat=]
  printf("pp = %u\n", pp); // 200
         ^
../src/ptr1.c:23:9: warning: format ‘%u’ expects argument of type ‘unsigned int’, but argument 2 has type ‘int *’ [-Wformat=]
  printf("*pp = %u\n", *pp); // 100
         ^
Finished building: ../src/ptr1.c
 
Building target: ptr1
Invoking: GCC C Linker
gcc  -o "ptr1"  ./src/ptr1.o   
Finished building target: ptr1
 
15:58:47 **** Incremental Build of configuration Debug for project ptr1 ****
make all 
make: Nothing to be done for 'all'.
16:01:31 **** Incremental Build of configuration Debug for project func1 ****
make all 
make: Nothing to be done for 'all'.
16:01:31 **** Incremental Build of configuration Debug for project func2 ****
make all 
make: Nothing to be done for 'all'.
16:01:31 **** Incremental Build of configuration Debug for project hello ****
make all 
make: Nothing to be done for 'all'.
16:01:31 **** Incremental Build of configuration Debug for project ptr1 ****
make all 
Building file: ../src/ptr1.c
Invoking: GCC C Compiler
gcc -O0 -g3 -Wall -c -fmessage-length=0 -m32 -MMD -MP -MF"src/ptr1.d" -MT"src/ptr1.o" -o "src/ptr1.o" "../src/ptr1.c"
../src/ptr1.c: In function ‘main’:
../src/ptr1.c:18:9: warning: format ‘%u’ expects argument of type ‘unsigned int’, but argument 2 has type ‘int **’ [-Wformat=]
  printf("&p = %u\n", &p); // 200
         ^
../src/ptr1.c:19:9: warning: format ‘%u’ expects argument of type ‘unsigned int’, but argument 2 has type ‘int *’ [-Wformat=]
  printf("p = %u\n", p); // 100
         ^
../src/ptr1.c:21:9: warning: format ‘%u’ expects argument of type ‘unsigned int’, but argument 2 has type ‘int ***’ [-Wformat=]
  printf("&pp = %u\n", &pp); // 300
         ^
../src/ptr1.c:22:9: warning: format ‘%u’ expects argument of type ‘unsigned int’, but argument 2 has type ‘int **’ [-Wformat=]
  printf("pp = %u\n", pp); // 200
         ^
../src/ptr1.c:23:9: warning: format ‘%u’ expects argument of type ‘unsigned int’, but argument 2 has type ‘int *’ [-Wformat=]
  printf("*pp = %u\n", *pp); // 100
         ^
Finished building: ../src/ptr1.c
 
Building target: ptr1
Invoking: GCC C Linker
gcc  -o "ptr1"  ./src/ptr1.o   
/usr/bin/ld: i386 architecture of input file `./src/ptr1.o' is incompatible with i386:x86-64 output
collect2: error: ld returned 1 exit status
makefile:30: recipe for target 'ptr1' failed
make: *** [ptr1] Error 1
16:02:24 **** Incremental Build of configuration Debug for project func1 ****
make all 
make: Nothing to be done for 'all'.
16:02:24 **** Incremental Build of configuration Debug for project func2 ****
make all 
make: Nothing to be done for 'all'.
16:02:24 **** Incremental Build of configuration Debug for project hello ****
make all 
make: Nothing to be done for 'all'.
16:02:24 **** Incremental Build of configuration Debug for project ptr1 ****
make all 
Building target: ptr1
Invoking: GCC C Linker
gcc -m32 -o "ptr1"  ./src/ptr1.o   
Finished building target: ptr1
 
16:02:29 **** Incremental Build of configuration Debug for project ptr1 ****
make all 
make: Nothing to be done for 'all'.
16:03:34 **** Incremental Build of configuration Debug for project func1 ****
make all 
make: Nothing to be done for 'all'.
16:03:34 **** Incremental Build of configuration Debug for project func2 ****
make all 
make: Nothing to be done for 'all'.
16:03:34 **** Incremental Build of configuration Debug for project hello ****
make all 
make: Nothing to be done for 'all'.
16:03:34 **** Incremental Build of configuration Debug for project ptr1 ****
make all 
Building file: ../src/ptr1.c
Invoking: GCC C Compiler
gcc -O0 -g3 -Wall -c -fmessage-length=0 -m32 -MMD -MP -MF"src/ptr1.d" -MT"src/ptr1.o" -o "src/ptr1.o" "../src/ptr1.c"
../src/ptr1.c: In function ‘main’:
../src/ptr1.c:18:9: warning: format ‘%u’ expects argument of type ‘unsigned int’, but argument 2 has type ‘int **’ [-Wformat=]
  printf("&p = %u\n", &p); // 200
         ^
../src/ptr1.c:19:9: warning: format ‘%u’ expects argument of type ‘unsigned int’, but argument 2 has type ‘int *’ [-Wformat=]
  printf("p = %u\n", p); // 100
         ^
../src/ptr1.c:21:9: warning: format ‘%u’ expects argument of type ‘unsigned int’, but argument 2 has type ‘int ***’ [-Wformat=]
  printf("&pp = %u\n", &pp); // 300
         ^
../src/ptr1.c:22:9: warning: format ‘%u’ expects argument of type ‘unsigned int’, but argument 2 has type ‘int **’ [-Wformat=]
  printf("pp = %u\n", pp); // 200
         ^
../src/ptr1.c:23:9: warning: format ‘%u’ expects argument of type ‘unsigned int’, but argument 2 has type ‘int *’ [-Wformat=]
  printf("*pp = %u\n", *pp); // 100
         ^
../src/ptr1.c:27:9: warning: format ‘%u’ expects argument of type ‘unsigned int’, but argument 2 has type ‘char *’ [-Wformat=]
  printf("cp = %u\n", cp);
         ^
../src/ptr1.c:28:9: warning: format ‘%u’ expects argument of type ‘unsigned int’, but argument 2 has type ‘char *’ [-Wformat=]
  printf("cp+1 = %u\n", cp+1);
         ^
Finished building: ../src/ptr1.c
 
Building target: ptr1
Invoking: GCC C Linker
gcc -m32 -o "ptr1"  ./src/ptr1.o   
Finished building target: ptr1
 
16:03:35 **** Incremental Build of configuration Debug for project ptr1 ****
make all 
make: Nothing to be done for 'all'.
16:04:05 **** Incremental Build of configuration Debug for project func1 ****
make all 
make: Nothing to be done for 'all'.
16:04:05 **** Incremental Build of configuration Debug for project func2 ****
make all 
make: Nothing to be done for 'all'.
16:04:05 **** Incremental Build of configuration Debug for project hello ****
make all 
make: Nothing to be done for 'all'.
16:04:05 **** Incremental Build of configuration Debug for project ptr1 ****
make all 
Building file: ../src/ptr1.c
Invoking: GCC C Compiler
gcc -O0 -g3 -Wall -c -fmessage-length=0 -m32 -MMD -MP -MF"src/ptr1.d" -MT"src/ptr1.o" -o "src/ptr1.o" "../src/ptr1.c"
../src/ptr1.c: In function ‘main’:
../src/ptr1.c:18:9: warning: format ‘%u’ expects argument of type ‘unsigned int’, but argument 2 has type ‘int **’ [-Wformat=]
  printf("&p = %u\n", &p); // 200
         ^
../src/ptr1.c:19:9: warning: format ‘%u’ expects argument of type ‘unsigned int’, but argument 2 has type ‘int *’ [-Wformat=]
  printf("p = %u\n", p); // 100
         ^
../src/ptr1.c:21:9: warning: format ‘%u’ expects argument of type ‘unsigned int’, but argument 2 has type ‘int ***’ [-Wformat=]
  printf("&pp = %u\n", &pp); // 300
         ^
../src/ptr1.c:22:9: warning: format ‘%u’ expects argument of type ‘unsigned int’, but argument 2 has type ‘int **’ [-Wformat=]
  printf("pp = %u\n", pp); // 200
         ^
../src/ptr1.c:23:9: warning: format ‘%u’ expects argument of type ‘unsigned int’, but argument 2 has type ‘int *’ [-Wformat=]
  printf("*pp = %u\n", *pp); // 100
         ^
../src/ptr1.c:27:9: warning: format ‘%u’ expects argument of type ‘unsigned int’, but argument 2 has type ‘char *’ [-Wformat=]
  printf("cp = %u\n", cp);
         ^
../src/ptr1.c:28:9: warning: format ‘%u’ expects argument of type ‘unsigned int’, but argument 2 has type ‘char *’ [-Wformat=]
  printf("cp+1 = %u\n", cp+1);
         ^
../src/ptr1.c:29:9: warning: format ‘%u’ expects argument of type ‘unsigned int’, but argument 2 has type ‘int *’ [-Wformat=]
  printf("p = %u\n", p);
         ^
../src/ptr1.c:30:9: warning: format ‘%u’ expects argument of type ‘unsigned int’, but argument 2 has type ‘int *’ [-Wformat=]
Finished building: ../src/ptr1.c
  printf("p+1 = %u\n", p+1);
         ^
 
Building target: ptr1
Invoking: GCC C Linker
gcc -m32 -o "ptr1"  ./src/ptr1.o   
Finished building target: ptr1
 
16:04:10 **** Incremental Build of configuration Debug for project ptr1 ****
make all 
Building file: ../src/ptr1.c
Invoking: GCC C Compiler
gcc -O0 -g3 -Wall -c -fmessage-length=0 -m32 -MMD -MP -MF"src/ptr1.d" -MT"src/ptr1.o" -o "src/ptr1.o" "../src/ptr1.c"
../src/ptr1.c: In function ‘main’:
../src/ptr1.c:18:9: warning: format ‘%u’ expects argument of type ‘unsigned int’, but argument 2 has type ‘int **’ [-Wformat=]
  printf("&p = %u\n", &p); // 200
         ^
../src/ptr1.c:19:9: warning: format ‘%u’ expects argument of type ‘unsigned int’, but argument 2 has type ‘int *’ [-Wformat=]
  printf("p = %u\n", p); // 100
         ^
../src/ptr1.c:21:9: warning: format ‘%u’ expects argument of type ‘unsigned int’, but argument 2 has type ‘int ***’ [-Wformat=]
  printf("&pp = %u\n", &pp); // 300
         ^
../src/ptr1.c:22:9: warning: format ‘%u’ expects argument of type ‘unsigned int’, but argument 2 has type ‘int **’ [-Wformat=]
  printf("pp = %u\n", pp); // 200
         ^
../src/ptr1.c:23:9: warning: format ‘%u’ expects argument of type ‘unsigned int’, but argument 2 has type ‘int *’ [-Wformat=]
  printf("*pp = %u\n", *pp); // 100
         ^
../src/ptr1.c:27:9: warning: format ‘%u’ expects argument of type ‘unsigned int’, but argument 2 has type ‘char *’ [-Wformat=]
  printf("cp = %u\n", cp);
         ^
../src/ptr1.c:28:9: warning: format ‘%u’ expects argument of type ‘unsigned int’, but argument 2 has type ‘char *’ [-Wformat=]
  printf("cp+1 = %u\n", cp+1);
         ^
../src/ptr1.c:29:9: warning: format ‘%u’ expects argument of type ‘unsigned int’, but argument 2 has type ‘int *’ [-Wformat=]
  printf("p = %u\n", p);
         ^
../src/ptr1.c:30:9: warning: format ‘%u’ expects argument of type ‘unsigned int’, but argument 2 has type ‘int *’ [-Wformat=]
  printf("p+1 = %u\n", p+1);
         ^
Finished building: ../src/ptr1.c
 
Building target: ptr1
Invoking: GCC C Linker
gcc -m32 -o "ptr1"  ./src/ptr1.o   
Finished building target: ptr1
 
16:20:15 **** Incremental Build of configuration Debug for project func1 ****
make all 
make: Nothing to be done for 'all'.
16:20:15 **** Incremental Build of configuration Debug for project func2 ****
make all 
make: Nothing to be done for 'all'.
16:20:15 **** Incremental Build of configuration Debug for project hello ****
make all 
make: Nothing to be done for 'all'.
16:20:15 **** Incremental Build of configuration Debug for project ptr1 ****
make all 
make: Nothing to be done for 'all'.
16:20:15 **** Build of configuration Debug for project ptr2 ****
make all 
Building file: ../src/ptr2.c
Invoking: GCC C Compiler
gcc -O0 -g3 -Wall -c -fmessage-length=0 -MMD -MP -MF"src/ptr2.d" -MT"src/ptr2.o" -o "src/ptr2.o" "../src/ptr2.c"
Finished building: ../src/ptr2.c
 
Building target: ptr2
Invoking: GCC C Linker
gcc  -o "ptr2"  ./src/ptr2.o   
Finished building target: ptr2
 
16:20:22 **** Incremental Build of configuration Debug for project ptr2 ****
make all 
make: Nothing to be done for 'all'.
16:28:48 **** Incremental Build of configuration Debug for project func1 ****
make all 
make: Nothing to be done for 'all'.
16:28:49 **** Incremental Build of configuration Debug for project func2 ****
make all 
make: Nothing to be done for 'all'.
16:28:49 **** Incremental Build of configuration Debug for project hello ****
make all 
make: Nothing to be done for 'all'.
16:28:49 **** Incremental Build of configuration Debug for project ptr1 ****
make all 
make: Nothing to be done for 'all'.
16:28:49 **** Incremental Build of configuration Debug for project ptr2 ****
make all 
Building file: ../src/ptr2.c
Invoking: GCC C Compiler
gcc -O0 -g3 -Wall -c -fmessage-length=0 -MMD -MP -MF"src/ptr2.d" -MT"src/ptr2.o" -o "src/ptr2.o" "../src/ptr2.c"
Finished building: ../src/ptr2.c
 
Building target: ptr2
Invoking: GCC C Linker
gcc  -o "ptr2"  ./src/ptr2.o   
Finished building target: ptr2
 
16:28:50 **** Incremental Build of configuration Debug for project ptr2 ****
make all 
make: Nothing to be done for 'all'.
16:44:12 **** Incremental Build of configuration Debug for project func1 ****
make all 
make: Nothing to be done for 'all'.
16:44:12 **** Incremental Build of configuration Debug for project func2 ****
make all 
make: Nothing to be done for 'all'.
16:44:12 **** Incremental Build of configuration Debug for project hello ****
make all 
make: Nothing to be done for 'all'.
16:44:12 **** Incremental Build of configuration Debug for project ptr1 ****
make all 
make: Nothing to be done for 'all'.
16:44:12 **** Incremental Build of configuration Debug for project ptr2 ****
make all 
Building file: ../src/ptr2.c
Invoking: GCC C Compiler
gcc -O0 -g3 -Wall -c -fmessage-length=0 -MMD -MP -MF"src/ptr2.d" -MT"src/ptr2.o" -o "src/ptr2.o" "../src/ptr2.c"
Finished building: ../src/ptr2.c
 
Building target: ptr2
Invoking: GCC C Linker
gcc  -o "ptr2"  ./src/ptr2.o   
Finished building target: ptr2
 
16:44:14 **** Incremental Build of configuration Debug for project ptr2 ****
make all 
make: Nothing to be done for 'all'.
16:54:22 **** Incremental Build of configuration Debug for project func1 ****
make all 
make: Nothing to be done for 'all'.
16:54:22 **** Incremental Build of configuration Debug for project func2 ****
make all 
make: Nothing to be done for 'all'.
16:54:22 **** Incremental Build of configuration Debug for project hello ****
make all 
make: Nothing to be done for 'all'.
16:54:22 **** Incremental Build of configuration Debug for project ptr1 ****
make all 
make: Nothing to be done for 'all'.
16:54:22 **** Incremental Build of configuration Debug for project ptr2 ****
make all 
make: Nothing to be done for 'all'.
16:54:22 **** Build of configuration Debug for project ptr3 ****
make all 
Building file: ../src/ptr3.c
Invoking: GCC C Compiler
gcc -O0 -g3 -Wall -c -fmessage-length=0 -MMD -MP -MF"src/ptr3.d" -MT"src/ptr3.o" -o "src/ptr3.o" "../src/ptr3.c"
../src/ptr3.c: In function ‘main’:
../src/ptr3.c:17:45: warning: passing argument 5 of ‘bsearch’ from incompatible pointer type [-Wincompatible-pointer-types]
  index = bsearch(&key, arr, sizeof(int), 9, comp_int);
                                             ^
In file included from ../src/ptr3.c:2:0:
/usr/include/stdlib.h:754:14: note: expected ‘__compar_fn_t {aka int (*)(const void *, const void *)}’ but argument is of type ‘int (*)(void *, void *)’
 extern void *bsearch (const void *__key, const void *__base,
              ^
../src/ptr3.c:17:8: warning: assignment makes integer from pointer without a cast [-Wint-conversion]
  index = bsearch(&key, arr, sizeof(int), 9, comp_int);
        ^
Finished building: ../src/ptr3.c
 
Building target: ptr3
Invoking: GCC C Linker
gcc  -o "ptr3"  ./src/ptr3.o   
Finished building target: ptr3
 
16:54:24 **** Incremental Build of configuration Debug for project ptr3 ****
make all 
make: Nothing to be done for 'all'.
16:56:03 **** Incremental Build of configuration Debug for project func1 ****
make all 
make: Nothing to be done for 'all'.
16:56:03 **** Incremental Build of configuration Debug for project func2 ****
make all 
make: Nothing to be done for 'all'.
16:56:03 **** Incremental Build of configuration Debug for project hello ****
make all 
make: Nothing to be done for 'all'.
16:56:03 **** Incremental Build of configuration Debug for project ptr1 ****
make all 
make: Nothing to be done for 'all'.
16:56:03 **** Incremental Build of configuration Debug for project ptr2 ****
make all 
make: Nothing to be done for 'all'.
16:56:03 **** Incremental Build of configuration Debug for project ptr3 ****
make all 
Building file: ../src/ptr3.c
Invoking: GCC C Compiler
gcc -O0 -g3 -Wall -c -fmessage-length=0 -MMD -MP -MF"src/ptr3.d" -MT"src/ptr3.o" -o "src/ptr3.o" "../src/ptr3.c"
../src/ptr3.c: In function ‘main’:
../src/ptr3.c:17:45: warning: passing argument 5 of ‘bsearch’ from incompatible pointer type [-Wincompatible-pointer-types]
  index = bsearch(&key, arr, 9, sizeof(int), comp_int);
                                             ^
In file included from ../src/ptr3.c:2:0:
/usr/include/stdlib.h:754:14: note: expected ‘__compar_fn_t {aka int (*)(const void *, const void *)}’ but argument is of type ‘int (*)(void *, void *)’
 extern void *bsearch (const void *__key, const void *__base,
              ^
../src/ptr3.c:17:8: warning: assignment makes integer from pointer without a cast [-Wint-conversion]
  index = bsearch(&key, arr, 9, sizeof(int), comp_int);
        ^
Finished building: ../src/ptr3.c
 
Building target: ptr3
Invoking: GCC C Linker
gcc  -o "ptr3"  ./src/ptr3.o   
Finished building target: ptr3
 
16:56:05 **** Incremental Build of configuration Debug for project ptr3 ****
make all 
make: Nothing to be done for 'all'.
16:56:12 **** Incremental Build of configuration Debug for project func1 ****
make all 
make: Nothing to be done for 'all'.
16:56:12 **** Incremental Build of configuration Debug for project func2 ****
make all 
make: Nothing to be done for 'all'.
16:56:12 **** Incremental Build of configuration Debug for project hello ****
make all 
make: Nothing to be done for 'all'.
16:56:13 **** Incremental Build of configuration Debug for project ptr1 ****
make all 
make: Nothing to be done for 'all'.
16:56:13 **** Incremental Build of configuration Debug for project ptr2 ****
make all 
make: Nothing to be done for 'all'.
16:56:13 **** Incremental Build of configuration Debug for project ptr3 ****
make all 
make: Nothing to be done for 'all'.
16:57:01 **** Incremental Build of configuration Debug for project func1 ****
make all 
make: Nothing to be done for 'all'.
16:57:01 **** Incremental Build of configuration Debug for project func2 ****
make all 
make: Nothing to be done for 'all'.
16:57:02 **** Incremental Build of configuration Debug for project hello ****
make all 
make: Nothing to be done for 'all'.
16:57:02 **** Incremental Build of configuration Debug for project ptr1 ****
make all 
make: Nothing to be done for 'all'.
16:57:02 **** Incremental Build of configuration Debug for project ptr2 ****
make all 
make: Nothing to be done for 'all'.
16:57:02 **** Incremental Build of configuration Debug for project ptr3 ****
make all 
Building file: ../src/ptr3.c
Invoking: GCC C Compiler
gcc -O0 -g3 -Wall -c -fmessage-length=0 -MMD -MP -MF"src/ptr3.d" -MT"src/ptr3.o" -o "src/ptr3.o" "../src/ptr3.c"
../src/ptr3.c: In function ‘main’:
../src/ptr3.c:17:43: warning: passing argument 5 of ‘bsearch’ from incompatible pointer type [-Wincompatible-pointer-types]
  ptr = bsearch(&key, arr, 9, sizeof(int), comp_int);
                                           ^
In file included from ../src/ptr3.c:2:0:
/usr/include/stdlib.h:754:14: note: expected ‘__compar_fn_t {aka int (*)(const void *, const void *)}’ but argument is of type ‘int (*)(void *, void *)’
 extern void *bsearch (const void *__key, const void *__base,
              ^
../src/ptr3.c:18:9: warning: format ‘%d’ expects argument of type ‘int’, but argument 2 has type ‘long int’ [-Wformat=]
  printf("found at index : %d\n", ptr - arr);
         ^
../src/ptr3.c:16:6: warning: unused variable ‘index’ [-Wunused-variable]
  int index, key = 7, *ptr;
      ^
Finished building: ../src/ptr3.c
 
Building target: ptr3
Invoking: GCC C Linker
gcc  -o "ptr3"  ./src/ptr3.o   
Finished building target: ptr3
 
16:57:03 **** Incremental Build of configuration Debug for project ptr3 ****
make all 
make: Nothing to be done for 'all'.
16:57:12 **** Incremental Build of configuration Debug for project func1 ****
make all 
make: Nothing to be done for 'all'.
16:57:12 **** Incremental Build of configuration Debug for project func2 ****
make all 
make: Nothing to be done for 'all'.
16:57:13 **** Incremental Build of configuration Debug for project hello ****
make all 
make: Nothing to be done for 'all'.
16:57:13 **** Incremental Build of configuration Debug for project ptr1 ****
make all 
make: Nothing to be done for 'all'.
16:57:13 **** Incremental Build of configuration Debug for project ptr2 ****
make all 
make: Nothing to be done for 'all'.
16:57:13 **** Incremental Build of configuration Debug for project ptr3 ****
make all 
Building file: ../src/ptr3.c
Invoking: GCC C Compiler
gcc -O0 -g3 -Wall -c -fmessage-length=0 -MMD -MP -MF"src/ptr3.d" -MT"src/ptr3.o" -o "src/ptr3.o" "../src/ptr3.c"
../src/ptr3.c: In function ‘main’:
../src/ptr3.c:17:43: warning: passing argument 5 of ‘bsearch’ from incompatible pointer type [-Wincompatible-pointer-types]
  ptr = bsearch(&key, arr, 9, sizeof(int), comp_int);
                                           ^
In file included from ../src/ptr3.c:2:0:
/usr/include/stdlib.h:754:14: note: expected ‘__compar_fn_t {aka int (*)(const void *, const void *)}’ but argument is of type ‘int (*)(void *, void *)’
 extern void *bsearch (const void *__key, const void *__base,
              ^
../src/ptr3.c:18:9: warning: format ‘%d’ expects argument of type ‘int’, but argument 2 has type ‘long int’ [-Wformat=]
  printf("found at index : %d\n", ptr - arr);
         ^
../src/ptr3.c:16:6: warning: unused variable ‘index’ [-Wunused-variable]
  int index, key = 17, *ptr;
      ^
Finished building: ../src/ptr3.c
 
Building target: ptr3
Invoking: GCC C Linker
gcc  -o "ptr3"  ./src/ptr3.o   
Finished building target: ptr3
 
16:57:15 **** Incremental Build of configuration Debug for project ptr3 ****
make all 
make: Nothing to be done for 'all'.
16:57:46 **** Incremental Build of configuration Debug for project func1 ****
make all 
make: Nothing to be done for 'all'.
16:57:47 **** Incremental Build of configuration Debug for project func2 ****
make all 
make: Nothing to be done for 'all'.
16:57:47 **** Incremental Build of configuration Debug for project hello ****
make all 
make: Nothing to be done for 'all'.
16:57:47 **** Incremental Build of configuration Debug for project ptr1 ****
make all 
make: Nothing to be done for 'all'.
16:57:47 **** Incremental Build of configuration Debug for project ptr2 ****
make all 
make: Nothing to be done for 'all'.
16:57:47 **** Incremental Build of configuration Debug for project ptr3 ****
make all 
Building file: ../src/ptr3.c
../src/ptr3.c: In function ‘main’:
../src/ptr3.c:17:43: warning: passing argument 5 of ‘bsearch’ from incompatible pointer type [-Wincompatible-pointer-types]
  ptr = bsearch(&key, arr, 9, sizeof(int), comp_int);
                                           ^
In file included from ../src/ptr3.c:2:0:
/usr/include/stdlib.h:754:14: note: expected ‘__compar_fn_t {aka int (*)(const void *, const void *)}’ but argument is of type ‘int (*)(void *, void *)’
 extern void *bsearch (const void *__key, const void *__base,
              ^
../src/ptr3.c:21:10: warning: format ‘%d’ expects argument of type ‘int’, but argument 2 has type ‘long int’ [-Wformat=]
   printf("found at index : %d\n", ptr - arr);
          ^
../src/ptr3.c:16:6: warning: unused variable ‘index’ [-Wunused-variable]
  int index, key = 17, *ptr;
      ^
Invoking: GCC C Compiler
gcc -O0 -g3 -Wall -c -fmessage-length=0 -MMD -MP -MF"src/ptr3.d" -MT"src/ptr3.o" -o "src/ptr3.o" "../src/ptr3.c"
Finished building: ../src/ptr3.c
 
Building target: ptr3
Invoking: GCC C Linker
gcc  -o "ptr3"  ./src/ptr3.o   
Finished building target: ptr3
 
16:57:48 **** Incremental Build of configuration Debug for project ptr3 ****
make all 
make: Nothing to be done for 'all'.
17:46:02 **** Incremental Build of configuration Debug for project func1 ****
make all 
make: Nothing to be done for 'all'.
17:46:02 **** Incremental Build of configuration Debug for project func2 ****
make all 
make: Nothing to be done for 'all'.
17:46:03 **** Build of configuration Debug for project func3 ****
make all 
Building file: ../src/func3.c
Invoking: GCC C Compiler
gcc -O0 -g3 -Wall -c -fmessage-length=0 -MMD -MP -MF"src/func3.d" -MT"src/func3.o" -o "src/func3.o" "../src/func3.c"
Finished building: ../src/func3.c
 
Building target: func3
Invoking: GCC C Linker
gcc  -o "func3"  ./src/func3.o   
Finished building target: func3
 
17:46:03 **** Incremental Build of configuration Debug for project hello ****
make all 
make: Nothing to be done for 'all'.
17:46:03 **** Incremental Build of configuration Debug for project ptr1 ****
make all 
make: Nothing to be done for 'all'.
17:46:03 **** Incremental Build of configuration Debug for project ptr2 ****
make all 
Building file: ../src/ptr2.c
Invoking: GCC C Compiler
gcc -O0 -g3 -Wall -c -fmessage-length=0 -MMD -MP -MF"src/ptr2.d" -MT"src/ptr2.o" -o "src/ptr2.o" "../src/ptr2.c"
Finished building: ../src/ptr2.c
 
Building target: ptr2
Invoking: GCC C Linker
gcc  -o "ptr2"  ./src/ptr2.o   
Finished building target: ptr2
 
17:46:03 **** Incremental Build of configuration Debug for project ptr3 ****
make all 
make: Nothing to be done for 'all'.
17:46:06 **** Incremental Build of configuration Debug for project func3 ****
make all 
make: Nothing to be done for 'all'.
17:46:53 **** Incremental Build of configuration Debug for project func1 ****
make all 
make: Nothing to be done for 'all'.
17:46:53 **** Incremental Build of configuration Debug for project func2 ****
make all 
make: Nothing to be done for 'all'.
17:46:54 **** Incremental Build of configuration Debug for project func3 ****
make all 
Building file: ../src/func3.c
Invoking: GCC C Compiler
gcc -O0 -g3 -Wall -c -fmessage-length=0 -MMD -MP -MF"src/func3.d" -MT"src/func3.o" -o "src/func3.o" "../src/func3.c"
Finished building: ../src/func3.c
 
Building target: func3
Invoking: GCC C Linker
gcc  -o "func3"  ./src/func3.o   
Finished building target: func3
 
17:46:54 **** Incremental Build of configuration Debug for project hello ****
make all 
make: Nothing to be done for 'all'.
17:46:54 **** Incremental Build of configuration Debug for project ptr1 ****
make all 
make: Nothing to be done for 'all'.
17:46:54 **** Incremental Build of configuration Debug for project ptr2 ****
make all 
make: Nothing to be done for 'all'.
17:46:54 **** Incremental Build of configuration Debug for project ptr3 ****
make all 
make: Nothing to be done for 'all'.
17:47:05 **** Incremental Build of configuration Debug for project func1 ****
make all 
make: Nothing to be done for 'all'.
17:47:05 **** Incremental Build of configuration Debug for project func2 ****
make all 
make: Nothing to be done for 'all'.
17:47:05 **** Incremental Build of configuration Debug for project func3 ****
make all 
Building file: ../src/func3.c
Invoking: GCC C Compiler
gcc -O0 -g3 -Wall -c -fmessage-length=0 -MMD -MP -MF"src/func3.d" -MT"src/func3.o" -o "src/func3.o" "../src/func3.c"
Finished building: ../src/func3.c
 
Building target: func3
Invoking: GCC C Linker
gcc  -o "func3"  ./src/func3.o   
Finished building target: func3
 
17:47:05 **** Incremental Build of configuration Debug for project hello ****
make all 
make: Nothing to be done for 'all'.
17:47:05 **** Incremental Build of configuration Debug for project ptr1 ****
make all 
make: Nothing to be done for 'all'.
17:47:05 **** Incremental Build of configuration Debug for project ptr2 ****
make all 
make: Nothing to be done for 'all'.
17:47:06 **** Incremental Build of configuration Debug for project ptr3 ****
make all 
make: Nothing to be done for 'all'.
17:47:16 **** Incremental Build of configuration Debug for project func3 ****
make all 
make: Nothing to be done for 'all'.
17:50:02 **** Incremental Build of configuration Debug for project func1 ****
make all 
make: Nothing to be done for 'all'.
17:50:02 **** Incremental Build of configuration Debug for project func2 ****
make all 
make: Nothing to be done for 'all'.
17:50:02 **** Incremental Build of configuration Debug for project func3 ****
make all 
Building file: ../src/func3.c
Invoking: GCC C Compiler
gcc -O0 -g3 -Wall -c -fmessage-length=0 -MMD -MP -MF"src/func3.d" -MT"src/func3.o" -o "src/func3.o" "../src/func3.c"
Finished building: ../src/func3.c
 
Building target: func3
Invoking: GCC C Linker
gcc  -o "func3"  ./src/func3.o   
Finished building target: func3
 
17:50:02 **** Incremental Build of configuration Debug for project hello ****
make all 
make: Nothing to be done for 'all'.
17:50:02 **** Incremental Build of configuration Debug for project ptr1 ****
make all 
make: Nothing to be done for 'all'.
17:50:02 **** Incremental Build of configuration Debug for project ptr2 ****
make all 
make: Nothing to be done for 'all'.
17:50:02 **** Incremental Build of configuration Debug for project ptr3 ****
make all 
make: Nothing to be done for 'all'.
17:50:04 **** Incremental Build of configuration Debug for project func3 ****
make all 
make: Nothing to be done for 'all'.
17:51:51 **** Incremental Build of configuration Debug for project func1 ****
make all 
make: Nothing to be done for 'all'.
17:51:51 **** Incremental Build of configuration Debug for project func2 ****
make all 
make: Nothing to be done for 'all'.
17:51:51 **** Incremental Build of configuration Debug for project func3 ****
make all 
Building file: ../src/func3.c
Invoking: GCC C Compiler
gcc -O0 -g3 -Wall -c -fmessage-length=0 -MMD -MP -MF"src/func3.d" -MT"src/func3.o" -o "src/func3.o" "../src/func3.c"
../src/func3.c: In function ‘main’:
../src/func3.c:24:26: error: ‘result’ undeclared (first use in this function)
  printf("result = %d\n", result);
                          ^
../src/func3.c:24:26: note: each undeclared identifier is reported only once for each function it appears in
src/subdir.mk:18: recipe for target 'src/func3.o' failed
make: *** [src/func3.o] Error 1
17:51:51 **** Incremental Build of configuration Debug for project hello ****
make all 
make: Nothing to be done for 'all'.
17:51:51 **** Incremental Build of configuration Debug for project ptr1 ****
make all 
make: Nothing to be done for 'all'.
17:51:52 **** Incremental Build of configuration Debug for project ptr2 ****
make all 
make: Nothing to be done for 'all'.
17:51:52 **** Incremental Build of configuration Debug for project ptr3 ****
make all 
make: Nothing to be done for 'all'.
17:53:06 **** Incremental Build of configuration Debug for project func1 ****
make all 
make: Nothing to be done for 'all'.
17:53:07 **** Incremental Build of configuration Debug for project func2 ****
make all 
make: Nothing to be done for 'all'.
17:53:07 **** Incremental Build of configuration Debug for project func3 ****
make all 
Building file: ../src/func3.c
Invoking: GCC C Compiler
gcc -O0 -g3 -Wall -c -fmessage-length=0 -MMD -MP -MF"src/func3.d" -MT"src/func3.o" -o "src/func3.o" "../src/func3.c"
../src/func3.c: In function ‘main’:
../src/func3.c:25:2: warning: ‘result’ is used uninitialized in this function [-Wuninitialized]
  printf("result = %d\n", result);
  ^
Finished building: ../src/func3.c
 
Building target: func3
Invoking: GCC C Linker
gcc  -o "func3"  ./src/func3.o   
Finished building target: func3
 
17:53:07 **** Incremental Build of configuration Debug for project hello ****
make all 
make: Nothing to be done for 'all'.
17:53:07 **** Incremental Build of configuration Debug for project ptr1 ****
make all 
make: Nothing to be done for 'all'.
17:53:07 **** Incremental Build of configuration Debug for project ptr2 ****
make all 
make: Nothing to be done for 'all'.
17:53:07 **** Incremental Build of configuration Debug for project ptr3 ****
make all 
make: Nothing to be done for 'all'.
17:53:40 **** Incremental Build of configuration Debug for project func1 ****
make all 
make: Nothing to be done for 'all'.
17:53:40 **** Incremental Build of configuration Debug for project func2 ****
make all 
make: Nothing to be done for 'all'.
17:53:40 **** Incremental Build of configuration Debug for project func3 ****
make all 
Building file: ../src/func3.c
Invoking: GCC C Compiler
gcc -O0 -g3 -Wall -c -fmessage-length=0 -MMD -MP -MF"src/func3.d" -MT"src/func3.o" -o "src/func3.o" "../src/func3.c"
Finished building: ../src/func3.c
 
Building target: func3
Invoking: GCC C Linker
gcc  -o "func3"  ./src/func3.o   
Finished building target: func3
 
17:53:40 **** Incremental Build of configuration Debug for project hello ****
make all 
make: Nothing to be done for 'all'.
17:53:40 **** Incremental Build of configuration Debug for project ptr1 ****
make all 
make: Nothing to be done for 'all'.
17:53:40 **** Incremental Build of configuration Debug for project ptr2 ****
make all 
make: Nothing to be done for 'all'.
17:53:40 **** Incremental Build of configuration Debug for project ptr3 ****
make all 
make: Nothing to be done for 'all'.
17:53:43 **** Incremental Build of configuration Debug for project func3 ****
make all 
make: Nothing to be done for 'all'.
17:55:29 **** Incremental Build of configuration Debug for project func3 ****
make all 
Building file: ../src/func3.c
Invoking: GCC C Compiler
gcc -O0 -g3 -Wall -c -fmessage-length=0 -MMD -MP -MF"src/func3.d" -MT"src/func3.o" -o "src/func3.o" "../src/func3.c"
Finished building: ../src/func3.c
 
Building target: func3
Invoking: GCC C Linker
gcc  -o "func3"  ./src/func3.o   
./src/func3.o: In function `main':
/home/nilesh/feb17/dac/c/workspace/func3/Debug/../src/func3.c:25: undefined reference to `result'
makefile:30: recipe for target 'func3' failed
collect2: error: ld returned 1 exit status
make: *** [func3] Error 1
18:06:17 **** Incremental Build of configuration Debug for project func1 ****
make all 
make: Nothing to be done for 'all'.
18:06:17 **** Incremental Build of configuration Debug for project func2 ****
make all 
make: Nothing to be done for 'all'.
18:06:17 **** Incremental Build of configuration Debug for project func3 ****
make all 
Building file: ../src/func3.c
Invoking: GCC C Compiler
gcc -O0 -g3 -Wall -c -fmessage-length=0 -MMD -MP -MF"src/func3.d" -MT"src/func3.o" -o "src/func3.o" "../src/func3.c"
Finished building: ../src/func3.c
 
Building target: func3
Invoking: GCC C Linker
gcc  -o "func3"  ./src/func3.o   
Finished building target: func3
 
18:06:18 **** Incremental Build of configuration Debug for project hello ****
make all 
make: Nothing to be done for 'all'.
18:06:18 **** Incremental Build of configuration Debug for project ptr1 ****
make all 
make: Nothing to be done for 'all'.
18:06:18 **** Incremental Build of configuration Debug for project ptr2 ****
make all 
make: Nothing to be done for 'all'.
18:06:18 **** Incremental Build of configuration Debug for project ptr3 ****
make all 
make: Nothing to be done for 'all'.
18:09:12 **** Build of configuration Debug for project extern1 ****
make all 
Building file: ../src/extern1.c
Invoking: GCC C Compiler
gcc -O0 -g3 -Wall -c -fmessage-length=0 -MMD -MP -MF"src/extern1.d" -MT"src/extern1.o" -o "src/extern1.o" "../src/extern1.c"
Finished building: ../src/extern1.c
 
Building file: ../src/funcs.c
Invoking: GCC C Compiler
gcc -O0 -g3 -Wall -c -fmessage-length=0 -MMD -MP -MF"src/funcs.d" -MT"src/funcs.o" -o "src/funcs.o" "../src/funcs.c"
../src/funcs.c: In function ‘fun1’:
../src/funcs.c:6:2: warning: implicit declaration of function ‘printf’ [-Wimplicit-function-declaration]
  printf("fun1 : %d\n", a);
  ^
../src/funcs.c:6:2: warning: incompatible implicit declaration of built-in function ‘printf’
../src/funcs.c:6:2: note: include ‘<stdio.h>’ or provide a declaration of ‘printf’
Finished building: ../src/funcs.c
 
Building target: extern1
Invoking: GCC C Linker
gcc  -o "extern1"  ./src/extern1.o ./src/funcs.o   
Finished building target: extern1
 
18:09:12 **** Incremental Build of configuration Debug for project func1 ****
make all 
make: Nothing to be done for 'all'.
18:09:12 **** Incremental Build of configuration Debug for project func2 ****
make all 
make: Nothing to be done for 'all'.
18:09:13 **** Incremental Build of configuration Debug for project func3 ****
make all 
make: Nothing to be done for 'all'.
18:09:13 **** Incremental Build of configuration Debug for project hello ****
make all 
make: Nothing to be done for 'all'.
18:09:13 **** Incremental Build of configuration Debug for project ptr1 ****
make all 
make: Nothing to be done for 'all'.
18:09:13 **** Incremental Build of configuration Debug for project ptr2 ****
make all 
make: Nothing to be done for 'all'.
18:09:13 **** Incremental Build of configuration Debug for project ptr3 ****
make all 
make: Nothing to be done for 'all'.
18:09:15 **** Incremental Build of configuration Debug for project extern1 ****
make all 
make: Nothing to be done for 'all'.
18:11:00 **** Incremental Build of configuration Debug for project extern1 ****
make all 
Building file: ../src/extern1.c
Invoking: GCC C Compiler
gcc -O0 -g3 -Wall -c -fmessage-length=0 -MMD -MP -MF"src/extern1.d" -MT"src/extern1.o" -o "src/extern1.o" "../src/extern1.c"
Finished building: ../src/extern1.c
 
Building target: extern1
Invoking: GCC C Linker
gcc  -o "extern1"  ./src/extern1.o ./src/funcs.o   
Finished building target: extern1
 
18:11:01 **** Incremental Build of configuration Debug for project func1 ****
make all 
make: Nothing to be done for 'all'.
18:11:01 **** Incremental Build of configuration Debug for project func2 ****
make all 
make: Nothing to be done for 'all'.
18:11:01 **** Incremental Build of configuration Debug for project func3 ****
make all 
make: Nothing to be done for 'all'.
18:11:01 **** Incremental Build of configuration Debug for project hello ****
make all 
make: Nothing to be done for 'all'.
18:11:01 **** Incremental Build of configuration Debug for project ptr1 ****
make all 
make: Nothing to be done for 'all'.
18:11:01 **** Incremental Build of configuration Debug for project ptr2 ****
make all 
make: Nothing to be done for 'all'.
18:11:01 **** Incremental Build of configuration Debug for project ptr3 ****
make all 
make: Nothing to be done for 'all'.
18:11:03 **** Incremental Build of configuration Debug for project extern1 ****
make all 
make: Nothing to be done for 'all'.
18:12:03 **** Incremental Build of configuration Debug for project extern1 ****
make all 
Building file: ../src/extern1.c
Invoking: GCC C Compiler
gcc -O0 -g3 -Wall -c -fmessage-length=0 -MMD -MP -MF"src/extern1.d" -MT"src/extern1.o" -o "src/extern1.o" "../src/extern1.c"
Finished building: ../src/extern1.c
 
Building target: extern1
Invoking: GCC C Linker
gcc  -o "extern1"  ./src/extern1.o ./src/funcs.o   
Finished building target: extern1
 
18:12:04 **** Incremental Build of configuration Debug for project func1 ****
make all 
make: Nothing to be done for 'all'.
18:12:04 **** Incremental Build of configuration Debug for project func2 ****
make all 
make: Nothing to be done for 'all'.
18:12:04 **** Incremental Build of configuration Debug for project func3 ****
make all 
make: Nothing to be done for 'all'.
18:12:04 **** Incremental Build of configuration Debug for project hello ****
make all 
make: Nothing to be done for 'all'.
18:12:04 **** Incremental Build of configuration Debug for project ptr1 ****
make all 
make: Nothing to be done for 'all'.
18:12:04 **** Incremental Build of configuration Debug for project ptr2 ****
make all 
make: Nothing to be done for 'all'.
18:12:04 **** Incremental Build of configuration Debug for project ptr3 ****
make all 
make: Nothing to be done for 'all'.
18:12:14 **** Incremental Build of configuration Debug for project extern1 ****
make all 
make: Nothing to be done for 'all'.
18:16:13 **** Incremental Build of configuration Debug for project extern1 ****
make all 
Building file: ../src/extern1.c
Invoking: GCC C Compiler
gcc -O0 -g3 -Wall -c -fmessage-length=0 -MMD -MP -MF"src/extern1.d" -MT"src/extern1.o" -o "src/extern1.o" "../src/extern1.c"
Finished building: ../src/extern1.c
 
Building target: extern1
Invoking: GCC C Linker
gcc  -o "extern1"  ./src/extern1.o ./src/funcs.o   
Finished building target: extern1
 
18:16:14 **** Incremental Build of configuration Debug for project func1 ****
make all 
make: Nothing to be done for 'all'.
18:16:14 **** Incremental Build of configuration Debug for project func2 ****
make all 
make: Nothing to be done for 'all'.
18:16:14 **** Incremental Build of configuration Debug for project func3 ****
make all 
make: Nothing to be done for 'all'.
18:16:14 **** Incremental Build of configuration Debug for project hello ****
make all 
make: Nothing to be done for 'all'.
18:16:14 **** Incremental Build of configuration Debug for project ptr1 ****
make all 
make: Nothing to be done for 'all'.
18:16:14 **** Incremental Build of configuration Debug for project ptr2 ****
make all 
make: Nothing to be done for 'all'.
18:16:14 **** Incremental Build of configuration Debug for project ptr3 ****
make all 
make: Nothing to be done for 'all'.
18:16:15 **** Incremental Build of configuration Debug for project extern1 ****
make all 
make: Nothing to be done for 'all'.
18:18:31 **** Incremental Build of configuration Debug for project extern1 ****
make all 
Building file: ../src/extern1.c
Invoking: GCC C Compiler
gcc -O0 -g3 -Wall -c -fmessage-length=0 -MMD -MP -MF"src/extern1.d" -MT"src/extern1.o" -o "src/extern1.o" "../src/extern1.c"
Finished building: ../src/extern1.c
 
Building target: extern1
Invoking: GCC C Linker
gcc  -o "extern1"  ./src/extern1.o ./src/funcs.o   
Finished building target: extern1
 
18:18:31 **** Incremental Build of configuration Debug for project func1 ****
make all 
make: Nothing to be done for 'all'.
18:18:31 **** Incremental Build of configuration Debug for project func2 ****
make all 
make: Nothing to be done for 'all'.
18:18:31 **** Incremental Build of configuration Debug for project func3 ****
make all 
make: Nothing to be done for 'all'.
18:18:31 **** Incremental Build of configuration Debug for project hello ****
make all 
make: Nothing to be done for 'all'.
18:18:32 **** Incremental Build of configuration Debug for project ptr1 ****
make all 
make: Nothing to be done for 'all'.
18:18:32 **** Incremental Build of configuration Debug for project ptr2 ****
make all 
make: Nothing to be done for 'all'.
18:18:32 **** Incremental Build of configuration Debug for project ptr3 ****
make all 
make: Nothing to be done for 'all'.
18:18:33 **** Incremental Build of configuration Debug for project extern1 ****
make all 
make: Nothing to be done for 'all'.
18:18:54 **** Incremental Build of configuration Debug for project extern1 ****
make all 
Building file: ../src/extern1.c
Invoking: GCC C Compiler
gcc -O0 -g3 -Wall -c -fmessage-length=0 -MMD -MP -MF"src/extern1.d" -MT"src/extern1.o" -o "src/extern1.o" "../src/extern1.c"
Finished building: ../src/extern1.c
 
Building target: extern1
Invoking: GCC C Linker
gcc  -o "extern1"  ./src/extern1.o ./src/funcs.o   
./src/funcs.o:(.data+0x0): multiple definition of `a'
makefile:30: recipe for target 'extern1' failed
./src/extern1.o:(.data+0x0): first defined here
collect2: error: ld returned 1 exit status
make: *** [extern1] Error 1
18:18:54 **** Incremental Build of configuration Debug for project func1 ****
make all 
make: Nothing to be done for 'all'.
18:18:55 **** Incremental Build of configuration Debug for project func2 ****
make all 
make: Nothing to be done for 'all'.
18:18:55 **** Incremental Build of configuration Debug for project func3 ****
make all 
make: Nothing to be done for 'all'.
18:18:55 **** Incremental Build of configuration Debug for project hello ****
make all 
make: Nothing to be done for 'all'.
18:18:55 **** Incremental Build of configuration Debug for project ptr1 ****
make all 
make: Nothing to be done for 'all'.
18:18:55 **** Incremental Build of configuration Debug for project ptr2 ****
make all 
make: Nothing to be done for 'all'.
18:18:55 **** Incremental Build of configuration Debug for project ptr3 ****
make all 
make: Nothing to be done for 'all'.
18:18:57 **** Incremental Build of configuration Debug for project extern1 ****
make all 
Building target: extern1
Invoking: GCC C Linker
gcc  -o "extern1"  ./src/extern1.o ./src/funcs.o   
./src/funcs.o:(.data+0x0): multiple definition of `a'
makefile:30: recipe for target 'extern1' failed
./src/extern1.o:(.data+0x0): first defined here
collect2: error: ld returned 1 exit status
make: *** [extern1] Error 1
18:19:16 **** Incremental Build of configuration Debug for project extern1 ****
make all 
Building file: ../src/extern1.c
Invoking: GCC C Compiler
gcc -O0 -g3 -Wall -c -fmessage-length=0 -MMD -MP -MF"src/extern1.d" -MT"src/extern1.o" -o "src/extern1.o" "../src/extern1.c"
Finished building: ../src/extern1.c
 
Building target: extern1
Invoking: GCC C Linker
gcc  -o "extern1"  ./src/extern1.o ./src/funcs.o   
Finished building target: extern1
 
18:19:16 **** Incremental Build of configuration Debug for project func1 ****
make all 
make: Nothing to be done for 'all'.
18:19:16 **** Incremental Build of configuration Debug for project func2 ****
make all 
make: Nothing to be done for 'all'.
18:19:16 **** Incremental Build of configuration Debug for project func3 ****
make all 
make: Nothing to be done for 'all'.
18:19:16 **** Incremental Build of configuration Debug for project hello ****
make all 
make: Nothing to be done for 'all'.
18:19:17 **** Incremental Build of configuration Debug for project ptr1 ****
make all 
make: Nothing to be done for 'all'.
18:19:17 **** Incremental Build of configuration Debug for project ptr2 ****
make all 
make: Nothing to be done for 'all'.
18:19:17 **** Incremental Build of configuration Debug for project ptr3 ****
make all 
make: Nothing to be done for 'all'.
18:19:23 **** Incremental Build of configuration Debug for project extern1 ****
make all 
make: Nothing to be done for 'all'.
18:19:49 **** Incremental Build of configuration Debug for project extern1 ****
make all 
Building file: ../src/extern1.c
Invoking: GCC C Compiler
gcc -O0 -g3 -Wall -c -fmessage-length=0 -MMD -MP -MF"src/extern1.d" -MT"src/extern1.o" -o "src/extern1.o" "../src/extern1.c"
Finished building: ../src/extern1.c
 
Building target: extern1
Invoking: GCC C Linker
gcc  -o "extern1"  ./src/extern1.o ./src/funcs.o   
Finished building target: extern1
 
18:19:50 **** Incremental Build of configuration Debug for project func1 ****
make all 
make: Nothing to be done for 'all'.
18:19:50 **** Incremental Build of configuration Debug for project func2 ****
make all 
make: Nothing to be done for 'all'.
18:19:50 **** Incremental Build of configuration Debug for project func3 ****
make all 
make: Nothing to be done for 'all'.
18:19:50 **** Incremental Build of configuration Debug for project hello ****
make all 
make: Nothing to be done for 'all'.
18:19:50 **** Incremental Build of configuration Debug for project ptr1 ****
make all 
make: Nothing to be done for 'all'.
18:19:50 **** Incremental Build of configuration Debug for project ptr2 ****
make all 
make: Nothing to be done for 'all'.
18:19:50 **** Incremental Build of configuration Debug for project ptr3 ****
make all 
make: Nothing to be done for 'all'.
18:19:51 **** Incremental Build of configuration Debug for project extern1 ****
make all 
make: Nothing to be done for 'all'.
18:20:47 **** Incremental Build of configuration Debug for project extern1 ****
make all 
Building file: ../src/extern1.c
Invoking: GCC C Compiler
gcc -O0 -g3 -Wall -c -fmessage-length=0 -MMD -MP -MF"src/extern1.d" -MT"src/extern1.o" -o "src/extern1.o" "../src/extern1.c"
Finished building: ../src/extern1.c
 
Building target: extern1
Invoking: GCC C Linker
gcc  -o "extern1"  ./src/extern1.o ./src/funcs.o   
Finished building target: extern1
 
18:20:47 **** Incremental Build of configuration Debug for project func1 ****
make all 
make: Nothing to be done for 'all'.
18:20:47 **** Incremental Build of configuration Debug for project func2 ****
make all 
make: Nothing to be done for 'all'.
18:20:47 **** Incremental Build of configuration Debug for project func3 ****
make all 
make: Nothing to be done for 'all'.
18:20:48 **** Incremental Build of configuration Debug for project hello ****
make all 
make: Nothing to be done for 'all'.
18:20:48 **** Incremental Build of configuration Debug for project ptr1 ****
make all 
make: Nothing to be done for 'all'.
18:20:48 **** Incremental Build of configuration Debug for project ptr2 ****
make all 
make: Nothing to be done for 'all'.
18:20:48 **** Incremental Build of configuration Debug for project ptr3 ****
make all 
make: Nothing to be done for 'all'.
18:20:50 **** Incremental Build of configuration Debug for project extern1 ****
make all 
make: Nothing to be done for 'all'.
18:21:04 **** Incremental Build of configuration Debug for project extern1 ****
make all 
Building file: ../src/extern1.c
Invoking: GCC C Compiler
gcc -O0 -g3 -Wall -c -fmessage-length=0 -MMD -MP -MF"src/extern1.d" -MT"src/extern1.o" -o "src/extern1.o" "../src/extern1.c"
../src/extern1.c: In function ‘main’:
../src/extern1.c:14:24: error: ‘i’ undeclared (first use in this function)
  printf("main : %d\n", i);
                        ^
../src/extern1.c:14:24: note: each undeclared identifier is reported only once for each function it appears in
make: *** [src/extern1.o] Error 1
src/subdir.mk:21: recipe for target 'src/extern1.o' failed
18:21:04 **** Incremental Build of configuration Debug for project func1 ****
make all 
make: Nothing to be done for 'all'.
18:21:04 **** Incremental Build of configuration Debug for project func2 ****
make all 
make: Nothing to be done for 'all'.
18:21:04 **** Incremental Build of configuration Debug for project func3 ****
make all 
make: Nothing to be done for 'all'.
18:21:04 **** Incremental Build of configuration Debug for project hello ****
make all 
make: Nothing to be done for 'all'.
18:21:04 **** Incremental Build of configuration Debug for project ptr1 ****
make all 
make: Nothing to be done for 'all'.
18:21:05 **** Incremental Build of configuration Debug for project ptr2 ****
make all 
make: Nothing to be done for 'all'.
18:21:05 **** Incremental Build of configuration Debug for project ptr3 ****
make all 
make: Nothing to be done for 'all'.
18:21:57 **** Incremental Build of configuration Debug for project extern1 ****
make all 
Building file: ../src/extern1.c
Invoking: GCC C Compiler
gcc -O0 -g3 -Wall -c -fmessage-length=0 -MMD -MP -MF"src/extern1.d" -MT"src/extern1.o" -o "src/extern1.o" "../src/extern1.c"
Finished building: ../src/extern1.c
 
Building file: ../src/funcs.c
Invoking: GCC C Compiler
gcc -O0 -g3 -Wall -c -fmessage-length=0 -MMD -MP -MF"src/funcs.d" -MT"src/funcs.o" -o "src/funcs.o" "../src/funcs.c"
../src/funcs.c: In function ‘fun1’:
../src/funcs.c:6:2: warning: implicit declaration of function ‘printf’ [-Wimplicit-function-declaration]
  printf("fun1 : %d\n", a);
  ^
../src/funcs.c:6:2: warning: incompatible implicit declaration of built-in function ‘printf’
../src/funcs.c:6:2: note: include ‘<stdio.h>’ or provide a declaration of ‘printf’
Finished building: ../src/funcs.c
 
Building target: extern1
Invoking: GCC C Linker
gcc  -o "extern1"  ./src/extern1.o ./src/funcs.o   
./src/extern1.o: In function `main':
/home/nilesh/feb17/dac/c/workspace/extern1/Debug/../src/extern1.c:13: undefined reference to `a'
collect2: error: ld returned 1 exit status
makefile:30: recipe for target 'extern1' failed
make: *** [extern1] Error 1
18:21:57 **** Incremental Build of configuration Debug for project func1 ****
make all 
make: Nothing to be done for 'all'.
18:21:57 **** Incremental Build of configuration Debug for project func2 ****
make all 
make: Nothing to be done for 'all'.
18:21:57 **** Incremental Build of configuration Debug for project func3 ****
make all 
make: Nothing to be done for 'all'.
18:21:57 **** Incremental Build of configuration Debug for project hello ****
make all 
make: Nothing to be done for 'all'.
18:21:58 **** Incremental Build of configuration Debug for project ptr1 ****
make all 
make: Nothing to be done for 'all'.
18:21:58 **** Incremental Build of configuration Debug for project ptr2 ****
make all 
make: Nothing to be done for 'all'.
18:21:58 **** Incremental Build of configuration Debug for project ptr3 ****
make all 
make: Nothing to be done for 'all'.
18:28:15 **** Incremental Build of configuration Debug for project extern1 ****
make all 
Building file: ../src/extern1.c
Invoking: GCC C Compiler
gcc -O0 -g3 -Wall -c -fmessage-length=0 -MMD -MP -MF"src/extern1.d" -MT"src/extern1.o" -o "src/extern1.o" "../src/extern1.c"
Finished building: ../src/extern1.c
 
Building file: ../src/funcs.c
Invoking: GCC C Compiler
gcc -O0 -g3 -Wall -c -fmessage-length=0 -MMD -MP -MF"src/funcs.d" -MT"src/funcs.o" -o "src/funcs.o" "../src/funcs.c"
../src/funcs.c: In function ‘fun1’:
../src/funcs.c:7:2: warning: implicit declaration of function ‘printf’ [-Wimplicit-function-declaration]
  printf("fun1 : %d\n", a);
  ^
../src/funcs.c:7:2: warning: incompatible implicit declaration of built-in function ‘printf’
../src/funcs.c:7:2: note: include ‘<stdio.h>’ or provide a declaration of ‘printf’
Finished building: ../src/funcs.c
 
Building target: extern1
Invoking: GCC C Linker
gcc  -o "extern1"  ./src/extern1.o ./src/funcs.o   
Finished building target: extern1
 
18:28:15 **** Incremental Build of configuration Debug for project func1 ****
make all 
make: Nothing to be done for 'all'.
18:28:15 **** Incremental Build of configuration Debug for project func2 ****
make all 
make: Nothing to be done for 'all'.
18:28:16 **** Incremental Build of configuration Debug for project func3 ****
make all 
make: Nothing to be done for 'all'.
18:28:16 **** Incremental Build of configuration Debug for project hello ****
make all 
make: Nothing to be done for 'all'.
18:28:16 **** Incremental Build of configuration Debug for project ptr1 ****
make all 
make: Nothing to be done for 'all'.
18:28:16 **** Incremental Build of configuration Debug for project ptr2 ****
make all 
make: Nothing to be done for 'all'.
18:28:16 **** Incremental Build of configuration Debug for project ptr3 ****
make all 
make: Nothing to be done for 'all'.
18:28:40 **** Incremental Build of configuration Debug for project extern1 ****
make all 
Building file: ../src/extern1.c
Invoking: GCC C Compiler
gcc -O0 -g3 -Wall -c -fmessage-length=0 -MMD -MP -MF"src/extern1.d" -MT"src/extern1.o" -o "src/extern1.o" "../src/extern1.c"
Finished building: ../src/extern1.c
 
Building file: ../src/funcs.c
Invoking: GCC C Compiler
gcc -O0 -g3 -Wall -c -fmessage-length=0 -MMD -MP -MF"src/funcs.d" -MT"src/funcs.o" -o "src/funcs.o" "../src/funcs.c"
../src/funcs.c: In function ‘fun1’:
../src/funcs.c:7:2: warning: implicit declaration of function ‘printf’ [-Wimplicit-function-declaration]
  printf("fun1 : %d\n", a);
  ^
../src/funcs.c:7:2: warning: incompatible implicit declaration of built-in function ‘printf’
../src/funcs.c:7:2: note: include ‘<stdio.h>’ or provide a declaration of ‘printf’
../src/funcs.c: At top level:
../src/funcs.c:5:13: warning: ‘fun1’ defined but not used [-Wunused-function]
 static void fun1()
             ^
Finished building: ../src/funcs.c
 
Building target: extern1
Invoking: GCC C Linker
gcc  -o "extern1"  ./src/extern1.o ./src/funcs.o   
./src/extern1.o: In function `main':
/home/nilesh/feb17/dac/c/workspace/extern1/Debug/../src/extern1.c:15: undefined reference to `fun1'
collect2: error: ld returned 1 exit status
make: *** [extern1] Error 1
makefile:30: recipe for target 'extern1' failed
18:28:40 **** Incremental Build of configuration Debug for project func1 ****
make all 
make: Nothing to be done for 'all'.
18:28:40 **** Incremental Build of configuration Debug for project func2 ****
make all 
make: Nothing to be done for 'all'.
18:28:40 **** Incremental Build of configuration Debug for project func3 ****
make all 
make: Nothing to be done for 'all'.
18:28:40 **** Incremental Build of configuration Debug for project hello ****
make all 
make: Nothing to be done for 'all'.
18:28:40 **** Incremental Build of configuration Debug for project ptr1 ****
make all 
make: Nothing to be done for 'all'.
18:28:40 **** Incremental Build of configuration Debug for project ptr2 ****
make all 
make: Nothing to be done for 'all'.
18:28:41 **** Incremental Build of configuration Debug for project ptr3 ****
make all 
make: Nothing to be done for 'all'.
18:29:33 **** Incremental Build of configuration Debug for project extern1 ****
make all 
Building file: ../src/funcs.c
Invoking: GCC C Compiler
gcc -O0 -g3 -Wall -c -fmessage-length=0 -MMD -MP -MF"src/funcs.d" -MT"src/funcs.o" -o "src/funcs.o" "../src/funcs.c"
../src/funcs.c: In function ‘fun1’:
../src/funcs.c:7:2: warning: implicit declaration of function ‘printf’ [-Wimplicit-function-declaration]
  printf("fun1 : %d\n", a);
  ^
../src/funcs.c:7:2: warning: incompatible implicit declaration of built-in function ‘printf’
../src/funcs.c:7:2: note: include ‘<stdio.h>’ or provide a declaration of ‘printf’
Finished building: ../src/funcs.c
 
Building target: extern1
Invoking: GCC C Linker
gcc  -o "extern1"  ./src/extern1.o ./src/funcs.o   
Finished building target: extern1
 
18:29:33 **** Incremental Build of configuration Debug for project func1 ****
make all 
make: Nothing to be done for 'all'.
18:29:33 **** Incremental Build of configuration Debug for project func2 ****
make all 
make: Nothing to be done for 'all'.
18:29:33 **** Incremental Build of configuration Debug for project func3 ****
make all 
make: Nothing to be done for 'all'.
18:29:33 **** Incremental Build of configuration Debug for project hello ****
make all 
make: Nothing to be done for 'all'.
18:29:33 **** Incremental Build of configuration Debug for project ptr1 ****
make all 
make: Nothing to be done for 'all'.
18:29:33 **** Incremental Build of configuration Debug for project ptr2 ****
make all 
make: Nothing to be done for 'all'.
18:29:34 **** Incremental Build of configuration Debug for project ptr3 ****
make all 
make: Nothing to be done for 'all'.
18:56:46 **** Build of configuration Debug for project array1 ****
make all 
Building file: ../src/array1.c
Invoking: GCC C Compiler
gcc -O0 -g3 -Wall -c -fmessage-length=0 -MMD -MP -MF"src/array1.d" -MT"src/array1.o" -o "src/array1.o" "../src/array1.c"
Finished building: ../src/array1.c
 
Building target: array1
Invoking: GCC C Linker
gcc  -o "array1"  ./src/array1.o   
Finished building target: array1
 
18:56:46 **** Incremental Build of configuration Debug for project extern1 ****
make all 
make: Nothing to be done for 'all'.
18:56:46 **** Incremental Build of configuration Debug for project func1 ****
make all 
make: Nothing to be done for 'all'.
18:56:46 **** Incremental Build of configuration Debug for project func2 ****
make all 
make: Nothing to be done for 'all'.
18:56:46 **** Incremental Build of configuration Debug for project func3 ****
make all 
make: Nothing to be done for 'all'.
18:56:46 **** Incremental Build of configuration Debug for project hello ****
make all 
make: Nothing to be done for 'all'.
18:56:46 **** Incremental Build of configuration Debug for project ptr1 ****
make all 
make: Nothing to be done for 'all'.
18:56:46 **** Incremental Build of configuration Debug for project ptr2 ****
make all 
make: Nothing to be done for 'all'.
18:56:47 **** Incremental Build of configuration Debug for project ptr3 ****
make all 
make: Nothing to be done for 'all'.
18:56:48 **** Incremental Build of configuration Debug for project array1 ****
make all 
make: Nothing to be done for 'all'.
18:58:04 **** Incremental Build of configuration Debug for project array1 ****
make all 
Building file: ../src/array1.c
Invoking: GCC C Compiler
gcc -O0 -g3 -Wall -c -fmessage-length=0 -MMD -MP -MF"src/array1.d" -MT"src/array1.o" -o "src/array1.o" "../src/array1.c"
Finished building: ../src/array1.c
 
Building target: array1
Invoking: GCC C Linker
gcc  -o "array1"  ./src/array1.o   
Finished building target: array1
 
18:58:04 **** Incremental Build of configuration Debug for project extern1 ****
make all 
make: Nothing to be done for 'all'.
18:58:04 **** Incremental Build of configuration Debug for project func1 ****
make all 
make: Nothing to be done for 'all'.
18:58:04 **** Incremental Build of configuration Debug for project func2 ****
make all 
make: Nothing to be done for 'all'.
18:58:04 **** Incremental Build of configuration Debug for project func3 ****
make all 
make: Nothing to be done for 'all'.
18:58:04 **** Incremental Build of configuration Debug for project hello ****
make all 
make: Nothing to be done for 'all'.
18:58:04 **** Incremental Build of configuration Debug for project ptr1 ****
make all 
make: Nothing to be done for 'all'.
18:58:04 **** Incremental Build of configuration Debug for project ptr2 ****
make all 
make: Nothing to be done for 'all'.
18:58:05 **** Incremental Build of configuration Debug for project ptr3 ****
make all 
make: Nothing to be done for 'all'.
18:58:09 **** Incremental Build of configuration Debug for project array1 ****
make all 
make: Nothing to be done for 'all'.
19:02:33 **** Incremental Build of configuration Debug for project array1 ****
make all 
Building file: ../src/array1.c
Invoking: GCC C Compiler
gcc -O0 -g3 -Wall -c -fmessage-length=0 -MMD -MP -MF"src/array1.d" -MT"src/array1.o" -o "src/array1.o" "../src/array1.c"
../src/array1.c: In function ‘main’:
../src/array1.c:10:2: error: expected ‘=’, ‘,’, ‘;’, ‘asm’ or ‘__attribute__’ before ‘for’
  for(i=0; i<5; i++)
  ^
../src/array1.c:10:6: error: ‘i’ undeclared (first use in this function)
  for(i=0; i<5; i++)
      ^
../src/array1.c:10:6: note: each undeclared identifier is reported only once for each function it appears in
make: *** [src/array1.o] Error 1
src/subdir.mk:18: recipe for target 'src/array1.o' failed
19:02:33 **** Incremental Build of configuration Debug for project extern1 ****
make all 
make: Nothing to be done for 'all'.
19:02:33 **** Incremental Build of configuration Debug for project func1 ****
make all 
make: Nothing to be done for 'all'.
19:02:33 **** Incremental Build of configuration Debug for project func2 ****
make all 
make: Nothing to be done for 'all'.
19:02:33 **** Incremental Build of configuration Debug for project func3 ****
make all 
make: Nothing to be done for 'all'.
19:02:33 **** Incremental Build of configuration Debug for project hello ****
make all 
make: Nothing to be done for 'all'.
19:02:33 **** Incremental Build of configuration Debug for project ptr1 ****
make all 
make: Nothing to be done for 'all'.
19:02:33 **** Incremental Build of configuration Debug for project ptr2 ****
make all 
make: Nothing to be done for 'all'.
19:02:33 **** Incremental Build of configuration Debug for project ptr3 ****
make all 
make: Nothing to be done for 'all'.
19:03:12 **** Incremental Build of configuration Debug for project array1 ****
make all 
Building file: ../src/array1.c
Invoking: GCC C Compiler
gcc -O0 -g3 -Wall -c -fmessage-length=0 -MMD -MP -MF"src/array1.d" -MT"src/array1.o" -o "src/array1.o" "../src/array1.c"
Finished building: ../src/array1.c
 
Building target: array1
Invoking: GCC C Linker
gcc  -o "array1"  ./src/array1.o   
Finished building target: array1
 
19:03:12 **** Incremental Build of configuration Debug for project extern1 ****
make all 
make: Nothing to be done for 'all'.
19:03:12 **** Incremental Build of configuration Debug for project func1 ****
make all 
make: Nothing to be done for 'all'.
19:03:12 **** Incremental Build of configuration Debug for project func2 ****
make all 
make: Nothing to be done for 'all'.
19:03:12 **** Incremental Build of configuration Debug for project func3 ****
make all 
make: Nothing to be done for 'all'.
19:03:12 **** Incremental Build of configuration Debug for project hello ****
make all 
make: Nothing to be done for 'all'.
19:03:12 **** Incremental Build of configuration Debug for project ptr1 ****
make all 
make: Nothing to be done for 'all'.
19:03:12 **** Incremental Build of configuration Debug for project ptr2 ****
make all 
make: Nothing to be done for 'all'.
19:03:13 **** Incremental Build of configuration Debug for project ptr3 ****
make all 
make: Nothing to be done for 'all'.
